<?xml version="1.0" encoding="UTF-8"?>
<!-- Generated by org.testng.reporters.JUnitReportReporter -->
<testsuite skipped="0" hostname="DESKTOP-9AP5J57" name="test.DuplicateCategoryTest" tests="1" failures="0" timestamp="03 Jul 2022 16:23:53 GMT" time="3.381" errors="0">
  <testcase name="userShouldNotBeAbleToAddDuplicate" time="3.381" classname="test.DuplicateCategoryTest"/>
</testsuite> <!-- test.DuplicateCategoryTest -->
