<?xml version="1.0" encoding="UTF-8"?>
<!-- Generated by org.testng.reporters.JUnitReportReporter -->
<testsuite skipped="0" hostname="DESKTOP-9AP5J57" name="test.AddCategoryTest" tests="1" failures="0" timestamp="03 Jul 2022 16:23:29 GMT" time="3.411" errors="0">
  <testcase name="validUserShouldBeAbleToAddCustomer" time="3.411" classname="test.AddCategoryTest"/>
</testsuite> <!-- test.AddCategoryTest -->
