<?xml version="1.0" encoding="UTF-8"?>
<!-- Generated by org.testng.reporters.JUnitReportReporter -->
<testsuite skipped="0" hostname="DESKTOP-9AP5J57" name="test.LoginTest" tests="1" failures="0" timestamp="02 Jul 2022 18:54:59 GMT" time="2.959" errors="0">
  <testcase name="validUserShouldBeAbleToLogin" time="2.959" classname="test.LoginTest"/>
</testsuite> <!-- test.LoginTest -->
