<?xml version="1.0" encoding="UTF-8"?>
<!-- Generated by org.testng.reporters.JUnitReportReporter -->
<testsuite skipped="0" hostname="DESKTOP-9AP5J57" name="test.ValidateMonthDropDownTest" tests="1" failures="0" timestamp="03 Jul 2022 16:24:06 GMT" time="3.203" errors="0">
  <testcase name="VerifyDropDown" time="3.203" classname="test.ValidateMonthDropDownTest"/>
</testsuite> <!-- test.ValidateMonthDropDownTest -->
