<?xml version="1.0" encoding="UTF-8"?>
<!-- Generated by org.testng.reporters.JUnitReportReporter -->
<testsuite skipped="0" hostname="DESKTOP-9AP5J57" name="test.AddContactTest" tests="1" failures="0" timestamp="02 Jul 2022 15:10:29 GMT" time="5.486" errors="0">
  <testcase name="validUserShouldBeAbleToAddCustomer" time="5.486" classname="test.AddContactTest"/>
</testsuite> <!-- test.AddContactTest -->
